[2025-02-24 17:38:13.761] [info] Logseq App(0.10.9) Starting... 
[2025-02-24 17:38:13.768] [info] restore proxy settings {:type "system"}
[2025-02-24 17:38:13.768] [info] set proxy to {:type "system"}
[2025-02-24 17:38:15.467] [debug] :electron.handler/watch-dir {:path "/home/ynx/.logseq/config"}
[2025-02-24 17:38:36.943] [debug] window-all-closed Quitting...
[2025-02-24 17:43:16.545] [info] Logseq App(0.10.9) Starting... 
[2025-02-24 17:43:16.551] [info] restore proxy settings {:type "system"}
[2025-02-24 17:43:16.551] [info] set proxy to {:type "system"}
[2025-02-24 17:43:18.184] [debug] :electron.handler/watch-dir {:path "/home/ynx/.logseq/config"}
[2025-02-24 17:44:36.538] [info] open-url {:url "--allow-file-access-from-files"}
[2025-02-24 17:44:36.539] [info] upon opening non-url {:error #object[TypeError TypeError [ERR_INVALID_URL]: Invalid URL]}
[2025-02-24 17:44:44.007] [info] open-url {:url "--allow-file-access-from-files"}
[2025-02-24 17:44:44.008] [info] upon opening non-url {:error #object[TypeError TypeError [ERR_INVALID_URL]: Invalid URL]}
[2025-02-24 17:46:20.567] [debug] window-all-closed Quitting...
[2025-02-24 17:46:21.014] [info] Logseq App(0.10.9) Starting... 
[2025-02-24 17:46:21.017] [info] restore proxy settings {:type "system"}
[2025-02-24 17:46:21.017] [info] set proxy to {:type "system"}
[2025-02-24 17:46:22.781] [debug] :electron.handler/watch-dir {:path "/home/ynx/.logseq/config"}
[2025-02-24 17:46:33.311] [debug] window-all-closed Quitting...
[2025-02-24 17:46:36.765] [info] Logseq App(0.10.9) Starting... 
[2025-02-24 17:46:36.770] [info] restore proxy settings {:type "system"}
[2025-02-24 17:46:36.771] [info] set proxy to {:type "system"}
[2025-02-24 17:46:38.524] [debug] :electron.handler/watch-dir {:path "/home/ynx/.logseq/config"}
[2025-02-24 17:48:16.616] [info] :electron.handler/open-new-window
[2025-02-24 17:48:18.474] [debug] :electron.handler/watch-dir {:path "/home/ynx/.logseq/config"}
[2025-02-24 17:48:37.385] [debug] window-all-closed Quitting...
[2025-02-25 14:58:32.873] [info] Logseq App(0.10.9) Starting... 
[2025-02-25 14:58:32.876] [info] restore proxy settings {:type "system"}
[2025-02-25 14:58:32.877] [info] set proxy to {:type "system"}
[2025-02-25 14:58:34.794] [debug] :electron.handler/watch-dir {:path "/home/ynx/.logseq/config"}
[2025-02-25 17:32:26.495] [debug] window-all-closed Quitting...
[2025-03-06 15:01:35.807] [info] Logseq App(0.10.9) Starting... 
[2025-03-06 15:01:35.809] [info] restore proxy settings {:type "system"}
[2025-03-06 15:01:35.810] [info] set proxy to {:type "system"}
[2025-03-06 15:01:37.621] [debug] :electron.handler/watch-dir {:path "/home/ynx/.logseq/config"}
[2025-03-06 15:02:00.376] [debug] window-all-closed Quitting...
[2025-03-06 15:02:00.880] [info] Logseq App(0.10.9) Starting... 
[2025-03-06 15:02:00.883] [info] restore proxy settings {:type "system"}
[2025-03-06 15:02:00.883] [info] set proxy to {:type "system"}
[2025-03-06 15:02:02.594] [debug] :electron.handler/watch-dir {:path "/home/ynx/.logseq/config"}
[2025-03-06 15:28:32.375] [debug] window-all-closed Quitting...
