2025-02-06T09:04:59.345Z - info: [ui] [AppStore] loading 0 repositories from store
2025-02-06T09:04:59.374Z - info: [ui] [Welcome] no sign in step found. ignoring...
2025-02-06T09:04:59.462Z - info: [ui] [Welcome] no sign in step found. ignoring...
2025-02-06T09:04:59.464Z - info: [ui] launching: 3.4.8-linux1 (Linux 6.12.11-1-MANJARO)
2025-02-06T09:04:59.465Z - info: [ui] execPath: '/opt/github-desktop/github-desktop'
2025-02-06T09:04:59.484Z - info: [ui] [Welcome] no sign in step found. ignoring...
2025-02-06T09:04:59.496Z - info: [ui] [Welcome] no sign in step found. ignoring...
2025-02-06T09:05:00.216Z - info: [ui] Opt in reported.
2025-02-06T09:05:00.784Z - info: [ui] [Welcome] no sign in step found. ignoring...
2025-02-06T09:05:01.277Z - info: [ui] [Welcome] no sign in step found. ignoring...
2025-02-06T09:05:02.632Z - info: [ui] [Welcome] advancing to step: SignInToDotComWithBrowser
2025-02-06T09:05:02.632Z - info: [ui] [SignInStore] initializing OAuth flow
2025-02-06T09:05:02.635Z - info: [main] opening in browser: https://github.com/login/oauth/authorize?client_id=3a723b10ac5575cc5bb9&scope=repo%20user%20workflow&state=bd42e3fb-8404-4ddd-9f51-aa88321d74f1
2025-02-06T09:05:02.635Z - info: [ui] [SignInStore] account resolved
2025-02-06T09:05:02.635Z - info: [ui] [Welcome] current sign in state not found. ignoring...
2025-02-06T09:05:03.842Z - info: [ui] [Welcome] kind Authentication is the same as Authentication. ignoring...
2025-02-06T09:05:07.092Z - info: [ui] [Welcome] kind Authentication is the same as Authentication. ignoring...
2025-02-06T09:05:09.747Z - info: [ui] [Welcome] kind Authentication is the same as Authentication. ignoring...
2025-02-06T09:05:16.106Z - info: [main] Received possible protocol arguments: 4
2025-02-06T09:05:16.106Z - info: [main] Processing protocol url
2025-02-06T09:05:16.238Z - info: [main] Received possible protocol arguments: 2
2025-02-06T09:05:16.242Z - info: [main] Processing protocol url
2025-02-06T09:05:17.027Z - info: [ui] [Welcome] kind Authentication is the same as Authentication. ignoring...
2025-02-06T09:05:17.439Z - info: [ui] [AppStore] adding account ynxaron (Iosib.K) to store
2025-02-06T09:05:17.440Z - info: [ui] [Welcome] advancing to step: ConfigureGit
2025-02-06T09:05:17.477Z - info: [ui] [Welcome] no sign in step found. ignoring...
2025-02-06T09:05:17.480Z - error: [ui] Error adding account 'ynxaron'
Error: The name is not activatable
2025-02-06T09:05:17.488Z - info: [ui] [Welcome] no sign in step found. ignoring...
2025-02-06T09:05:48.136Z - info: [ui] [SignInStore] initializing OAuth flow
2025-02-06T09:05:48.143Z - info: [main] opening in browser: https://github.com/login/oauth/authorize?client_id=3a723b10ac5575cc5bb9&scope=repo%20user%20workflow&state=68771d82-5ff3-4712-a579-df0420b678e4
2025-02-06T09:05:48.143Z - info: [ui] [SignInStore] account resolved
2025-02-06T09:05:53.705Z - info: [main] Received possible protocol arguments: 4
2025-02-06T09:05:53.705Z - info: [main] Processing protocol url
2025-02-06T09:05:53.844Z - info: [main] Received possible protocol arguments: 2
2025-02-06T09:05:53.849Z - info: [main] Processing protocol url
2025-02-06T09:05:54.897Z - info: [ui] [AppStore] adding account ynxaron (Iosib.K) to store
2025-02-06T09:05:54.900Z - error: [ui] Error adding account 'ynxaron'
Error: The name is not activatable
