2025-02-08 10:41:50 Loading main app package /usr/lib/obsidian/obsidian.asar
2025-02-08 10:41:50 Checking for update using Github
2025-02-08 10:41:50 Success.
2025-02-08 10:41:50 Latest version is 1.8.4
2025-02-08 10:41:50 App is up to date.
2025-02-24 02:23:05 Loading main app package /usr/lib/obsidian/obsidian.asar
2025-02-24 02:23:05 Checking for update using Github
2025-02-24 02:23:06 Success.
2025-02-24 02:23:06 Latest version is 1.8.7
2025-02-24 02:23:06 App is up to date.
2025-02-24 02:34:02 Loading main app package /usr/lib/obsidian/obsidian.asar
2025-02-24 02:34:02 Checking for update using Github
2025-02-24 02:34:03 Success.
2025-02-24 02:34:03 Latest version is 1.8.7
2025-02-24 02:34:03 App is up to date.
2025-02-24 02:45:57 Loading main app package /usr/lib/obsidian/obsidian.asar
2025-02-24 02:45:57 Checking for update using Github
2025-02-24 02:45:58 Success.
2025-02-24 02:45:58 Latest version is 1.8.7
2025-02-24 02:45:58 App is up to date.
2025-02-24 02:46:21 Checking for update using Github
2025-02-24 02:46:21 Success.
2025-02-24 02:46:21 Latest version is 1.8.7
2025-02-24 02:46:21 App is up to date.
2025-03-02 18:21:16 Loading main app package /usr/lib/obsidian/obsidian.asar
2025-03-02 18:21:16 Checking for update using Github
2025-03-02 18:21:16 Success.
2025-03-02 18:21:16 Latest version is 1.8.7
2025-03-02 18:21:16 App is up to date.
2025-03-06 00:05:23 Loading main app package /usr/lib/obsidian/obsidian.asar
2025-03-06 00:05:23 Checking for update using Github
2025-03-06 00:05:23 Success.
2025-03-06 00:05:23 Latest version is 1.8.9
2025-03-06 00:05:23 Downloading update from https://github.com/obsidianmd/obsidian-releases/releases/download/v1.8.9/obsidian-1.8.9.asar.gz
2025-03-06 00:05:25 Verifying hash & signature. Size= 8125625
2025-03-06 00:05:25 Saving file
2025-03-06 00:05:25 Update complete.
2025-03-06 12:00:43 Loading updated app package /home/ynx/.config/obsidian/obsidian-1.8.9.asar
2025-03-06 12:00:44 Checking for update using Github
2025-03-06 12:00:44 Success.
2025-03-06 12:00:44 Latest version is 1.8.9
2025-03-06 12:00:44 App is up to date.
2025-03-06 12:24:12 Loading updated app package /home/ynx/.config/obsidian/obsidian-1.8.9.asar
2025-03-06 12:24:13 Checking for update using Github
2025-03-06 12:24:13 Success.
2025-03-06 12:24:13 Latest version is 1.8.9
2025-03-06 12:24:13 App is up to date.
2025-03-11 11:05:43 Loading updated app package /home/ynx/.config/obsidian/obsidian-1.8.9.asar
2025-03-11 11:05:43 Checking for update using Github
2025-03-11 11:05:43 Success.
2025-03-11 11:05:43 Latest version is 1.8.9
2025-03-11 11:05:43 App is up to date.
2025-03-11 11:52:45 Loading updated app package /home/ynx/.config/obsidian/obsidian-1.8.9.asar
2025-03-11 11:52:45 Checking for update using Github
2025-03-11 11:52:45 Success.
2025-03-11 11:52:45 Latest version is 1.8.9
2025-03-11 11:52:45 App is up to date.
2025-03-11 13:18:46 Checking for update using Github
2025-03-11 13:18:46 Success.
2025-03-11 13:18:46 Latest version is 1.8.9
2025-03-11 13:18:46 App is up to date.
2025-03-11 16:03:56 Checking for update using Github
2025-03-11 16:03:56 Success.
2025-03-11 16:03:56 Latest version is 1.8.9
2025-03-11 16:03:56 App is up to date.
2025-03-11 17:03:56 Checking for update using Github
2025-03-11 17:03:56 Success.
2025-03-11 17:03:56 Latest version is 1.8.9
2025-03-11 17:03:56 App is up to date.
2025-03-11 18:03:56 Checking for update using Github
2025-03-11 18:03:56 Success.
2025-03-11 18:03:56 Latest version is 1.8.9
2025-03-11 18:03:56 App is up to date.
2025-03-11 19:03:56 Checking for update using Github
2025-03-11 19:03:56 Success.
2025-03-11 19:03:56 Latest version is 1.8.9
2025-03-11 19:03:56 App is up to date.
2025-03-12 01:31:57 Checking for update using Github
2025-03-19 14:38:35 Loading updated app package /home/ynx/.config/obsidian/obsidian-1.8.9.asar
2025-03-19 14:38:35 Checking for update using Github
2025-03-19 14:38:35 Success.
2025-03-19 14:38:35 Latest version is 1.8.9
2025-03-19 14:38:35 App is up to date.
