2025-02-23 18:21:35.904 [info] Extension host with pid 5724 started
2025-02-23 18:21:36.015 [info] ExtensionService#_doActivateExtension vscode.git-base, startup: true, activationEvent: '*', root cause: vscode.git
2025-02-23 18:21:36.025 [info] ExtensionService#_doActivateExtension vscode.git, startup: true, activationEvent: '*'
2025-02-23 18:21:36.120 [info] ExtensionService#_doActivateExtension vscode.github, startup: true, activationEvent: '*'
2025-02-23 18:21:36.193 [info] Eager extensions activated
2025-02-23 18:21:36.206 [info] ExtensionService#_doActivateExtension vscode.debug-auto-launch, startup: false, activationEvent: 'onStartupFinished'
2025-02-23 18:21:36.210 [info] ExtensionService#_doActivateExtension vscode.merge-conflict, startup: false, activationEvent: 'onStartupFinished'
2025-02-23 18:22:06.018 [info] Extension host terminating: renderer closed the MessagePort
2025-02-23 18:22:06.027 [info] Extension host with pid 5724 exiting with code 0
2025-02-23 18:22:07.193 [info] Extension host with pid 5871 started
2025-02-23 18:22:07.193 [info] Skipping acquiring lock for /home/ynx/.config/Code - OSS/User/workspaceStorage/9096b8300ba034f4230f71828310423d.
2025-02-23 18:22:07.207 [info] ExtensionService#_doActivateExtension vscode.git-base, startup: true, activationEvent: '*', root cause: vscode.git
2025-02-23 18:22:07.216 [info] ExtensionService#_doActivateExtension vscode.git, startup: true, activationEvent: '*'
2025-02-23 18:22:07.286 [info] ExtensionService#_doActivateExtension vscode.github, startup: true, activationEvent: '*'
2025-02-23 18:22:07.350 [info] Eager extensions activated
2025-02-23 18:22:07.367 [info] ExtensionService#_doActivateExtension vscode.debug-auto-launch, startup: false, activationEvent: 'onStartupFinished'
2025-02-23 18:22:07.369 [info] ExtensionService#_doActivateExtension vscode.merge-conflict, startup: false, activationEvent: 'onStartupFinished'
2025-02-23 18:22:14.021 [info] ExtensionService#_doActivateExtension vscode.emmet, startup: false, activationEvent: 'onLanguage'
2025-02-23 18:22:22.441 [info] Extension host terminating: renderer closed the MessagePort
2025-02-23 18:22:22.452 [info] Extension host with pid 5871 exiting with code 0
