2025-03-06 16:54:22.882 [info] [main] Log level: Info
2025-03-06 16:54:22.882 [info] [main] Validating found git in: "git"
2025-03-06 16:54:22.882 [info] [main] Using git "2.48.1" from "git"
2025-03-06 16:54:22.882 [info] [Model][doInitialScan] Initial repository scan started
2025-03-06 16:54:22.882 [info] > git rev-parse --show-toplevel [4ms]
2025-03-06 16:54:22.882 [info] fatal: not a git repository (or any parent up to mount point /)
Stopping at filesystem boundary (GIT_DISCOVERY_ACROSS_FILESYSTEM not set).
2025-03-06 16:54:22.882 [info] > git rev-parse --show-toplevel [30ms]
2025-03-06 16:54:22.882 [info] fatal: not a git repository (or any parent up to mount point /)
Stopping at filesystem boundary (GIT_DISCOVERY_ACROSS_FILESYSTEM not set).
2025-03-06 16:54:22.891 [info] > git rev-parse --show-toplevel [0ms]
2025-03-06 16:54:22.891 [info] fatal: not a git repository (or any parent up to mount point /)
Stopping at filesystem boundary (GIT_DISCOVERY_ACROSS_FILESYSTEM not set).
2025-03-06 16:54:22.895 [info] > git rev-parse --show-toplevel [1ms]
2025-03-06 16:54:22.895 [info] fatal: not a git repository (or any parent up to mount point /)
Stopping at filesystem boundary (GIT_DISCOVERY_ACROSS_FILESYSTEM not set).
2025-03-06 16:54:22.898 [info] > git rev-parse --show-toplevel [1ms]
2025-03-06 16:54:22.898 [info] fatal: not a git repository (or any parent up to mount point /)
Stopping at filesystem boundary (GIT_DISCOVERY_ACROSS_FILESYSTEM not set).
2025-03-06 16:54:22.902 [info] > git rev-parse --show-toplevel [0ms]
2025-03-06 16:54:22.906 [info] > git rev-parse --git-dir --git-common-dir [1ms]
2025-03-06 16:54:22.914 [info] [Model][openRepository] Opened repository: /home/ynx/Downloads/hello_there
2025-03-06 16:54:22.923 [info] > git rev-parse --show-toplevel [1ms]
2025-03-06 16:54:22.923 [info] fatal: not a git repository (or any parent up to mount point /)
Stopping at filesystem boundary (GIT_DISCOVERY_ACROSS_FILESYSTEM not set).
2025-03-06 16:54:22.923 [info] > git config --get commit.template [5ms]
2025-03-06 16:54:22.927 [info] [Git][getRemotes] No remotes found in the git config file
2025-03-06 16:54:22.930 [info] > git rev-parse --show-toplevel [3ms]
2025-03-06 16:54:22.930 [info] fatal: not a git repository (or any parent up to mount point /)
Stopping at filesystem boundary (GIT_DISCOVERY_ACROSS_FILESYSTEM not set).
2025-03-06 16:54:22.933 [info] > git for-each-ref --format=%(refname)%00%(upstream:short)%00%(objectname)%00%(upstream:track)%00%(upstream:remotename)%00%(upstream:remoteref) refs/heads/master refs/remotes/master [3ms]
2025-03-06 16:54:22.933 [warning] [Git][getBranch] No such branch: master
2025-03-06 16:54:22.942 [info] > git status -z -uall [5ms]
2025-03-06 16:54:22.942 [info] > git rev-parse --show-toplevel [9ms]
2025-03-06 16:54:22.942 [info] fatal: not a git repository (or any parent up to mount point /)
Stopping at filesystem boundary (GIT_DISCOVERY_ACROSS_FILESYSTEM not set).
2025-03-06 16:54:22.942 [info] [Model][doInitialScan] Initial repository scan completed - repositories (1), closed repositories (0), parent repositories (0), unsafe repositories (0)
2025-03-06 16:54:22.943 [info] > git for-each-ref --sort -committerdate --format %(refname) %(objectname) %(*objectname) [2ms]
2025-03-06 16:54:22.954 [info] > git for-each-ref --format=%(refname)%00%(upstream:short)%00%(objectname)%00%(upstream:track)%00%(upstream:remotename)%00%(upstream:remoteref) refs/heads/master refs/remotes/master [6ms]
2025-03-06 16:54:22.954 [warning] [Git][getBranch] No such branch: master
2025-03-06 16:54:22.954 [error] [GitHistoryProvider][resolveHEADMergeBase] Failed to resolve merge base for master: Error: No such branch: master.
2025-03-06 16:54:22.956 [info] > git config --get commit.template [3ms]
2025-03-06 16:54:22.959 [info] [Git][getRemotes] No remotes found in the git config file
2025-03-06 16:54:22.960 [info] > git for-each-ref --format=%(refname)%00%(upstream:short)%00%(objectname)%00%(upstream:track)%00%(upstream:remotename)%00%(upstream:remoteref) refs/heads/master refs/remotes/master [1ms]
2025-03-06 16:54:22.960 [warning] [Git][getBranch] No such branch: master
2025-03-06 16:54:22.965 [info] > git status -z -uall [3ms]
2025-03-06 16:54:22.966 [info] > git for-each-ref --sort -committerdate --format %(refname) %(objectname) %(*objectname) [1ms]
2025-03-06 16:54:24.543 [info] > git rev-parse --show-toplevel [1ms]
2025-03-06 16:54:24.543 [info] fatal: not a git repository (or any parent up to mount point /)
Stopping at filesystem boundary (GIT_DISCOVERY_ACROSS_FILESYSTEM not set).
