2025-03-13 16:14:28.098 [info] [main] Log level: Info
2025-03-13 16:14:28.098 [info] [main] Validating found git in: "git"
2025-03-13 16:14:28.098 [info] [main] Using git "2.48.1" from "git"
2025-03-13 16:14:28.098 [info] [Model][doInitialScan] Initial repository scan started
2025-03-13 16:14:28.098 [info] > git rev-parse --show-toplevel [4ms]
2025-03-13 16:14:28.098 [info] fatal: not a git repository (or any parent up to mount point /)
Stopping at filesystem boundary (GIT_DISCOVERY_ACROSS_FILESYSTEM not set).
2025-03-13 16:14:28.098 [info] > git rev-parse --show-toplevel [1ms]
2025-03-13 16:14:28.098 [info] fatal: not a git repository (or any parent up to mount point /)
Stopping at filesystem boundary (GIT_DISCOVERY_ACROSS_FILESYSTEM not set).
2025-03-13 16:14:28.202 [info] > git rev-parse --show-toplevel [100ms]
2025-03-13 16:14:28.202 [info] fatal: not a git repository (or any parent up to mount point /)
Stopping at filesystem boundary (GIT_DISCOVERY_ACROSS_FILESYSTEM not set).
2025-03-13 16:14:28.239 [info] > git rev-parse --show-toplevel [20ms]
2025-03-13 16:14:28.239 [info] fatal: not a git repository (or any parent up to mount point /)
Stopping at filesystem boundary (GIT_DISCOVERY_ACROSS_FILESYSTEM not set).
2025-03-13 16:14:28.247 [info] > git rev-parse --show-toplevel [1ms]
2025-03-13 16:14:28.247 [info] fatal: not a git repository (or any parent up to mount point /)
Stopping at filesystem boundary (GIT_DISCOVERY_ACROSS_FILESYSTEM not set).
2025-03-13 16:14:28.256 [info] > git rev-parse --show-toplevel [6ms]
2025-03-13 16:14:28.260 [info] > git rev-parse --git-dir --git-common-dir [1ms]
2025-03-13 16:14:28.268 [info] [Model][openRepository] Opened repository: /home/ynx/Downloads/hello_there
2025-03-13 16:14:28.278 [info] > git rev-parse --show-toplevel [2ms]
2025-03-13 16:14:28.278 [info] fatal: not a git repository (or any parent up to mount point /)
Stopping at filesystem boundary (GIT_DISCOVERY_ACROSS_FILESYSTEM not set).
2025-03-13 16:14:28.278 [info] > git config --get commit.template [5ms]
2025-03-13 16:14:28.286 [info] [Git][getRemotes] No remotes found in the git config file
2025-03-13 16:14:28.287 [info] > git for-each-ref --format=%(refname)%00%(upstream:short)%00%(objectname)%00%(upstream:track)%00%(upstream:remotename)%00%(upstream:remoteref) refs/heads/master refs/remotes/master [1ms]
2025-03-13 16:14:28.287 [warning] [Git][getBranch] No such branch: master
2025-03-13 16:14:28.294 [info] > git rev-parse --show-toplevel [12ms]
2025-03-13 16:14:28.294 [info] fatal: not a git repository (or any parent up to mount point /)
Stopping at filesystem boundary (GIT_DISCOVERY_ACROSS_FILESYSTEM not set).
2025-03-13 16:14:28.298 [info] > git status -z -uall [7ms]
2025-03-13 16:14:28.299 [info] > git for-each-ref --sort -committerdate --format %(refname) %(objectname) %(*objectname) [5ms]
2025-03-13 16:14:28.311 [info] > git for-each-ref --format=%(refname)%00%(upstream:short)%00%(objectname)%00%(upstream:track)%00%(upstream:remotename)%00%(upstream:remoteref) refs/heads/master refs/remotes/master [5ms]
2025-03-13 16:14:28.312 [warning] [Git][getBranch] No such branch: master
2025-03-13 16:14:28.312 [error] [GitHistoryProvider][resolveHEADMergeBase] Failed to resolve merge base for master: Error: No such branch: master.
2025-03-13 16:14:28.312 [info] > git rev-parse --show-toplevel [15ms]
2025-03-13 16:14:28.312 [info] fatal: not a git repository (or any parent up to mount point /)
Stopping at filesystem boundary (GIT_DISCOVERY_ACROSS_FILESYSTEM not set).
2025-03-13 16:14:28.313 [info] [Model][doInitialScan] Initial repository scan completed - repositories (1), closed repositories (0), parent repositories (0), unsafe repositories (0)
2025-03-13 16:14:28.314 [info] > git config --get commit.template [3ms]
2025-03-13 16:14:28.317 [info] [Git][getRemotes] No remotes found in the git config file
2025-03-13 16:14:28.318 [info] > git for-each-ref --format=%(refname)%00%(upstream:short)%00%(objectname)%00%(upstream:track)%00%(upstream:remotename)%00%(upstream:remoteref) refs/heads/master refs/remotes/master [1ms]
2025-03-13 16:14:28.318 [warning] [Git][getBranch] No such branch: master
2025-03-13 16:14:28.325 [info] > git status -z -uall [3ms]
2025-03-13 16:14:28.325 [info] > git for-each-ref --sort -committerdate --format %(refname) %(objectname) %(*objectname) [1ms]
2025-03-13 16:14:29.910 [info] > git rev-parse --show-toplevel [3ms]
2025-03-13 16:14:29.910 [info] fatal: not a git repository (or any parent up to mount point /)
Stopping at filesystem boundary (GIT_DISCOVERY_ACROSS_FILESYSTEM not set).
