[2025-02-08 15:54:27.439] [info] Checking for update
[2025-02-08 15:54:27.477] [info] Error reading /home/ynx/.config/notion-app/cookies.json {
  constructor: 'Error',
  errno: -2,
  syscall: 'open',
  code: 'ENOENT',
  path: '/home/ynx/.config/notion-app/cookies.json',
  stack: "Error: /home/ynx/.config/notion-app/cookies.json: ENOENT: no such file or directory, open '/home/ynx/.config/notion-app/cookies.json'\n" +
    '    at Object.openSync (fs.js:466:3)\n' +
    '    at Object.func [as openSync] (electron/js2c/asar_bundle.js:5:1812)\n' +
    '    at Object.readFileSync (fs.js:368:35)\n' +
    '    at Object.e.readFileSync (electron/js2c/asar_bundle.js:5:8592)\n' +
    '    at Object.readFileSync (/tmp/.mount_Notiony83X6o/resources/app.asar/node_modules/jsonfile/index.js:61:22)\n' +
    '    at JsonStore.loadSync (/tmp/.mount_Notiony83X6o/resources/app.asar/main/JsonStore.js:38:44)\n' +
    '    at new JsonStore (/tmp/.mount_Notiony83X6o/resources/app.asar/main/JsonStore.js:15:14)\n' +
    '    at Object.<anonymous> (/tmp/.mount_Notiony83X6o/resources/app.asar/main/schemeHandler.js:37:25)\n' +
    '    at Module._compile (internal/modules/cjs/loader.js:1152:30)\n' +
    '    at Object.Module._extensions..js (internal/modules/cjs/loader.js:1173:10)'
}
[2025-02-08 15:54:27.674] [info] {
  level: 'info',
  from: 'AssetCache',
  type: 'latestVersionPath',
  data: {
    message: 'latestVersion.json path /home/ynx/.config/notion-app/notionAssetCache-v2/latestVersion.json'
  }
}
[2025-02-08 15:54:27.675] [info] {
  level: 'info',
  from: 'AssetCache',
  type: 'errorReadingPath',
  error: {
    name: 'Error',
    message: "ENOENT: no such file or directory, open '/home/ynx/.config/notion-app/notionAssetCache-v2/latestVersion.json'",
    stack: "Error: ENOENT: no such file or directory, open '/home/ynx/.config/notion-app/notionAssetCache-v2/latestVersion.json'"
  },
  data: {
    message: 'Error reading /home/ynx/.config/notion-app/notionAssetCache-v2/latestVersion.json'
  }
}
[2025-02-08 15:54:27.676] [info] {
  level: 'info',
  from: 'AssetCache',
  type: 'currentVersionLoaded',
  data: {}
}
[2025-02-08 15:54:27.676] [info] {
  level: 'info',
  from: 'AssetCache',
  type: 'syncVersionEmptyLatestVersion'
}
[2025-02-08 15:54:27.676] [info] {
  level: 'info',
  from: 'AssetCache',
  type: 'currentSyncedAssetsJson',
  data: {}
}
[2025-02-08 15:54:27.721] [info] Generated new staging user ID: 07615775-a404-5213-b945-d835d578dc43
[2025-02-08 15:54:28.687] [info] {
  level: 'info',
  from: 'AssetCache',
  type: 'appUpdateAvailable',
  data: { version: '23.13.0.1856' }
}
[2025-02-08 15:54:29.059] [error] Error: HttpError: 404 
"method: GET url: https://github.com/notion-enhancer/notion-repackaged/releases/download/v2.0.18-1/latest-linux.yml\n\nPlease double check that your authentication token is correct. Due to security reasons actual status maybe not reported, but 404.\n"
Headers: {
  "server": "GitHub.com",
  "date": "Sat, 08 Feb 2025 10:24:28 GMT",
  "content-type": "text/plain; charset=utf-8",
  "vary": "X-PJAX, X-PJAX-Container, Turbo-Visit, Turbo-Frame, Accept-Encoding, Accept, X-Requested-With",
  "cache-control": "no-cache",
  "strict-transport-security": "max-age=31536000; includeSubdomains; preload",
  "x-frame-options": "deny",
  "x-content-type-options": "nosniff",
  "x-xss-protection": "0",
  "referrer-policy": "no-referrer-when-downgrade",
  "content-security-policy": "default-src 'none'; base-uri 'self'; connect-src 'self'; form-action 'self'; img-src 'self' data:; script-src 'self'; style-src 'unsafe-inline'",
  "content-encoding": "gzip",
  "content-length": "29",
  "x-github-request-id": "A544:0AE1:692200:8B4E26:67A730DC"
}
    at createHttpError (/tmp/.mount_Notiony83X6o/resources/app.asar/node_modules/builder-util-runtime/out/httpExecutor.js:84:10)
    at ElectronHttpExecutor.handleResponse (/tmp/.mount_Notiony83X6o/resources/app.asar/node_modules/builder-util-runtime/out/httpExecutor.js:167:14)
    at ClientRequest.<anonymous> (/tmp/.mount_Notiony83X6o/resources/app.asar/node_modules/builder-util-runtime/out/httpExecutor.js:133:16)
    at ClientRequest.emit (events.js:315:20)
    at ClientRequest.EventEmitter.emit (domain.js:483:12)
    at SimpleURLLoaderWrapper.<anonymous> (electron/js2c/browser_init.js:105:6293)
    at SimpleURLLoaderWrapper.emit (events.js:315:20)
    at SimpleURLLoaderWrapper.EventEmitter.emit (domain.js:483:12)
[2025-02-08 15:54:29.060] [info] {
  level: 'info',
  from: 'autoUpdater',
  type: 'unsupportedLinuxApp',
  error: {
    statusCode: 404,
    name: 'HttpError',
    message: '404 \n' +
      '"method: GET url: https://github.com/notion-enhancer/notion-repackaged/releases/download/v2.0.18-1/latest-linux.yml\\n\\nPlease double check that your authentication token is correct. Due to security reasons actual status maybe not reported, but 404.\\n"\n' +
      'Headers: {\n' +
      '  "server": "GitHub.com",\n' +
      '  "date": "Sat, 08 Feb 2025 10:24:28 GMT",\n' +
      '  "content-type": "text/plain; charset=utf-8",\n' +
      '  "vary": "X-PJAX, X-PJAX-Container, Turbo-Visit, Turbo-Frame, Accept-Encoding, Accept, X-Requested-With",\n' +
      '  "cache-control": "no-cache",\n' +
      '  "strict-transport-security": "max-age=31536000; includeSubdomains; preload",\n' +
      '  "x-frame-options": "deny",\n' +
      '  "x-content-type-options": "nosniff",\n' +
      '  "x-xss-protection": "0",\n' +
      '  "referrer-policy": "no-referrer-when-downgrade",\n' +
      `  "content-security-policy": "default-src 'none'; base-uri 'self'; connect-src 'self'; form-action 'self'; img-src 'self' data:; script-src 'self'; style-src 'unsafe-inline'",\n` +
      '  "content-encoding": "gzip",\n' +
      '  "content-length": "29",\n' +
      '  "x-github-request-id": "A544:0AE1:692200:8B4E26:67A730DC"\n' +
      '}',
    stack: 'HttpError: 404 \n' +
      '"method: GET url: https://github.com/notion-enhancer/notion-repackaged/releases/download/v2.0.18-1/latest-linux.yml\\n\\nPlease double check that your authentication token is correct. Due to security reasons actual status maybe not reported, but 404.\\n"\n' +
      'Headers: {\n' +
      '  "server": "GitHub.com",\n' +
      '  "date": "Sat, 08 Feb 2025 10:24:28 GMT",\n' +
      '  "content-type": "text/plain; charset=utf-8",\n' +
      '  "vary": "X-PJAX, X-PJAX-Container, Turbo-Visit, Turbo-Frame, Accept-Encoding, Accept, X-Requested-With",\n' +
      '  "cache-control": "no-cache",\n' +
      '  "strict-transport-security": "max-age=31536000; includeSubdomains; preload",\n' +
      '  "x-frame-options": "deny",\n' +
      '  "x-content-type-options": "nosniff",\n' +
      '  "x-xss-protection": "0",\n' +
      '  "referrer-policy": "no-referrer-when-downgrade",\n' +
      `  "content-security-policy": "default-src 'none'; base-uri 'self'; connect-src 'self'; form-action 'self'; img-src 'self' data:; script-src 'self'; style-src 'unsafe-inline'",\n` +
      '  "content-encoding": "gzip",\n' +
      '  "content-length": "29",\n' +
      '  "x-github-request-id": "A544:0AE1:692200:8B4E26:67A730DC"\n' +
      '}\n' +
      '    at createHttpError (/tmp/.mount_Notiony83X6o/resources/app.asar/node_modules/builder-util-runtime/out/httpExecutor.js:84:10)\n' +
      '    at ElectronHttpExecutor.handleResponse (/tmp/.mount_Notiony83X6o/resources/app.asar/node_modules/builder-util-runtime/out/httpExecutor.js:167:14)\n' +
      '    at ClientRequest.<anonymous> (/tmp/.mount_Notiony83X6o/resources/app.asar/node_modules/builder-util-runtime/out/httpExecutor.js:133:16)\n' +
      '    at ClientRequest.emit (events.js:315:20)\n' +
      '    at ClientRequest.EventEmitter.emit (domain.js:483:12)\n' +
      '    at SimpleURLLoaderWrapper.<anonymous> (electron/js2c/browser_init.js:105:6293)\n' +
      '    at SimpleURLLoaderWrapper.emit (events.js:315:20)\n' +
      '    at SimpleURLLoaderWrapper.EventEmitter.emit (domain.js:483:12)'
  }
}
[2025-02-08 15:54:51.686] [info] { level: 'info', from: 'AssetCache', type: 'checkingForAppUpdate2' }
[2025-02-08 15:54:51.690] [info] {
  level: 'info',
  from: 'AssetCache',
  type: 'appUpdateDownloadComplete',
  data: { version: '23.13.0.1856' }
}
[2025-02-08 15:54:51.692] [info] {
  level: 'info',
  from: 'AssetCache',
  type: 'installingAppUpdate',
  data: { version: '23.13.0.1856' }
}
[2025-02-08 15:55:58.474] [info] Quitting...
[2025-02-08 15:55:58.474] [info] Killing child process
